Line 170: Class Threed.SSCommand of control cmdLast was not a loaded control class.
Line 197: Class Threed.SSCommand of control cmdNext was not a loaded control class.
Line 224: Class Threed.SSCommand of control cmdPrevious was not a loaded control class.
Line 251: Class Threed.SSCommand of control cmdFirst was not a loaded control class.
Line 336: Class MSComctlLib.StatusBar of control StatusBar1 was not a loaded control class.
Line 368: Class MSAdodcLib.Adodc of control DATA1 was not a loaded control class.
Line 415: Class VSFlex7Ctl.VSFlexGrid of control grid1 was not a loaded control class.
Line 177: The property name _ExtentX in cmdLast is invalid.
Line 178: The property name _ExtentY in cmdLast is invalid.
Line 179: The property name _Version in cmdLast is invalid.
Line 180: The property name PictureFrames in cmdLast is invalid.
Line 191: The property name Caption in cmdLast is invalid.
Line 192: The property name Alignment in cmdLast is invalid.
Line 193: The property name PictureAlignment in cmdLast is invalid.
Line 194: The property name PictureDisabledFrames in cmdLast is invalid.
Line 195: The property name PictureDisabled in cmdLast is invalid.
Line 170: Property Picture in cmdLast could not be set.
Line 204: The property name _ExtentX in cmdNext is invalid.
Line 205: The property name _ExtentY in cmdNext is invalid.
Line 206: The property name _Version in cmdNext is invalid.
Line 207: The property name PictureFrames in cmdNext is invalid.
Line 218: The property name Caption in cmdNext is invalid.
Line 219: The property name Alignment in cmdNext is invalid.
Line 220: The property name PictureAlignment in cmdNext is invalid.
Line 221: The property name PictureDisabledFrames in cmdNext is invalid.
Line 222: The property name PictureDisabled in cmdNext is invalid.
Line 197: Property Picture in cmdNext could not be set.
Line 231: The property name _ExtentX in cmdPrevious is invalid.
Line 232: The property name _ExtentY in cmdPrevious is invalid.
Line 233: The property name _Version in cmdPrevious is invalid.
Line 234: The property name PictureFrames in cmdPrevious is invalid.
Line 245: The property name Caption in cmdPrevious is invalid.
Line 246: The property name Alignment in cmdPrevious is invalid.
Line 247: The property name PictureAlignment in cmdPrevious is invalid.
Line 248: The property name PictureDisabledFrames in cmdPrevious is invalid.
Line 249: The property name PictureDisabled in cmdPrevious is invalid.
Line 224: Property Picture in cmdPrevious could not be set.
Line 258: The property name _ExtentX in cmdFirst is invalid.
Line 259: The property name _ExtentY in cmdFirst is invalid.
Line 260: The property name _Version in cmdFirst is invalid.
Line 261: The property name PictureFrames in cmdFirst is invalid.
Line 272: The property name Caption in cmdFirst is invalid.
Line 273: The property name Alignment in cmdFirst is invalid.
Line 274: The property name PictureAlignment in cmdFirst is invalid.
Line 275: The property name PictureDisabledFrames in cmdFirst is invalid.
Line 276: The property name PictureDisabled in cmdFirst is invalid.
Line 251: Property Picture in cmdFirst could not be set.
Line 343: The property name _ExtentX in StatusBar1 is invalid.
Line 344: The property name _ExtentY in StatusBar1 is invalid.
Line 345: The property name _Version in StatusBar1 is invalid.
Line 357: The property name Panels in StatusBar1 is invalid.
Line 374: The property name _ExtentX in DATA1 is invalid.
Line 375: The property name _ExtentY in DATA1 is invalid.
Line 376: The property name ConnectMode in DATA1 is invalid.
Line 377: The property name CursorLocation in DATA1 is invalid.
Line 378: The property name IsolationLevel in DATA1 is invalid.
Line 379: The property name ConnectionTimeout in DATA1 is invalid.
Line 380: The property name CommandTimeout in DATA1 is invalid.
Line 381: The property name CursorType in DATA1 is invalid.
Line 382: The property name LockType in DATA1 is invalid.
Line 383: The property name CommandType in DATA1 is invalid.
Line 384: The property name CursorOptions in DATA1 is invalid.
Line 385: The property name CacheSize in DATA1 is invalid.
Line 386: The property name MaxRecords in DATA1 is invalid.
Line 387: The property name BOFAction in DATA1 is invalid.
Line 388: The property name EOFAction in DATA1 is invalid.
Line 389: The property name ConnectStringType in DATA1 is invalid.
Line 393: The property name Orientation in DATA1 is invalid.
Line 395: The property name Connect in DATA1 is invalid.
Line 396: The property name OLEDBString in DATA1 is invalid.
Line 397: The property name OLEDBFile in DATA1 is invalid.
Line 398: The property name DataSourceName in DATA1 is invalid.
Line 399: The property name OtherAttributes in DATA1 is invalid.
Line 400: The property name UserName in DATA1 is invalid.
Line 401: The property name Password in DATA1 is invalid.
Line 402: The property name RecordSource in DATA1 is invalid.
Line 403: The property name Caption in DATA1 is invalid.
Line 413: The property name _Version in DATA1 is invalid.
Line 421: The property name _cx in grid1 is invalid.
Line 422: The property name _cy in grid1 is invalid.
Line 423: The property name _ConvInfo in grid1 is invalid.
Line 439: The property name BackColorFixed in grid1 is invalid.
Line 440: The property name ForeColorFixed in grid1 is invalid.
Line 441: The property name BackColorSel in grid1 is invalid.
Line 442: The property name ForeColorSel in grid1 is invalid.
Line 443: The property name BackColorBkg in grid1 is invalid.
Line 444: The property name BackColorAlternate in grid1 is invalid.
Line 445: The property name GridColor in grid1 is invalid.
Line 446: The property name GridColorFixed in grid1 is invalid.
Line 447: The property name TreeColor in grid1 is invalid.
Line 448: The property name FloodColor in grid1 is invalid.
Line 449: The property name SheetBorder in grid1 is invalid.
Line 450: The property name FocusRect in grid1 is invalid.
Line 451: The property name HighLight in grid1 is invalid.
Line 452: The property name AllowSelection in grid1 is invalid.
Line 453: The property name AllowBigSelection in grid1 is invalid.
Line 454: The property name AllowUserResizing in grid1 is invalid.
Line 455: The property name SelectionMode in grid1 is invalid.
Line 456: The property name GridLines in grid1 is invalid.
Line 457: The property name GridLinesFixed in grid1 is invalid.
Line 458: The property name GridLineWidth in grid1 is invalid.
Line 459: The property name Rows in grid1 is invalid.
Line 460: The property name Cols in grid1 is invalid.
Line 461: The property name FixedRows in grid1 is invalid.
Line 462: The property name FixedCols in grid1 is invalid.
Line 463: The property name RowHeightMin in grid1 is invalid.
Line 464: The property name RowHeightMax in grid1 is invalid.
Line 465: The property name ColWidthMin in grid1 is invalid.
Line 466: The property name ColWidthMax in grid1 is invalid.
Line 467: The property name ExtendLastCol in grid1 is invalid.
Line 468: The property name FormatString in grid1 is invalid.
Line 469: The property name ScrollTrack in grid1 is invalid.
Line 470: The property name ScrollBars in grid1 is invalid.
Line 471: The property name ScrollTips in grid1 is invalid.
Line 472: The property name MergeCells in grid1 is invalid.
Line 473: The property name MergeCompare in grid1 is invalid.
Line 474: The property name AutoResize in grid1 is invalid.
Line 475: The property name AutoSizeMode in grid1 is invalid.
Line 476: The property name AutoSearch in grid1 is invalid.
Line 477: The property name AutoSearchDelay in grid1 is invalid.
Line 478: The property name MultiTotals in grid1 is invalid.
Line 479: The property name SubtotalPosition in grid1 is invalid.
Line 480: The property name OutlineBar in grid1 is invalid.
Line 481: The property name OutlineCol in grid1 is invalid.
Line 482: The property name Ellipsis in grid1 is invalid.
Line 483: The property name ExplorerBar in grid1 is invalid.
Line 484: The property name PicturesOver in grid1 is invalid.
Line 487: The property name PictureType in grid1 is invalid.
Line 488: The property name TabBehavior in grid1 is invalid.
Line 489: The property name OwnerDraw in grid1 is invalid.
Line 490: The property name Editable in grid1 is invalid.
Line 491: The property name ShowComboButton in grid1 is invalid.
Line 492: The property name WordWrap in grid1 is invalid.
Line 493: The property name TextStyle in grid1 is invalid.
Line 494: The property name TextStyleFixed in grid1 is invalid.
Line 497: The property name DataMode in grid1 is invalid.
Line 498: The property name VirtualData in grid1 is invalid.
Line 500: The property name ComboSearch in grid1 is invalid.
Line 501: The property name AutoSizeMouse in grid1 is invalid.
Line 502: The property name FrozenRows in grid1 is invalid.
Line 503: The property name FrozenCols in grid1 is invalid.
Line 504: The property name AllowUserFreezing in grid1 is invalid.
Line 505: The property name BackColorFrozen in grid1 is invalid.
Line 506: The property name ForeColorFrozen in grid1 is invalid.
Line 507: The property name WallPaperAlignment in grid1 is invalid.
