Line 127: Class Threed.SSCommand of control cmdExit was not a loaded control class.
Line 156: Class Threed.SSCommand of control cmdApply was not a loaded control class.
Line 182: Class Threed.SSPanel of control SSPanel1 was not a loaded control class.
Line 195: Class Threed.SSPanel of control panel1 was not a loaded control class.
Line 134: The property name _ExtentX in cmdExit is invalid.
Line 135: The property name _ExtentY in cmdExit is invalid.
Line 136: The property name _Version in cmdExit is invalid.
Line 139: The property name PictureFrames in cmdExit is invalid.
Line 150: The property name Alignment in cmdExit is invalid.
Line 151: The property name ButtonStyle in cmdExit is invalid.
Line 152: The property name PictureAlignment in cmdExit is invalid.
Line 153: The property name BevelWidth in cmdExit is invalid.
Line 154: The property name ShapeSize in cmdExit is invalid.
Line 127: Property Picture in cmdExit could not be set.
Line 162: The property name _ExtentX in cmdApply is invalid.
Line 163: The property name _ExtentY in cmdApply is invalid.
Line 164: The property name _Version in cmdApply is invalid.
Line 176: The property name Caption in cmdApply is invalid.
Line 177: The property name ButtonStyle in cmdApply is invalid.
Line 178: The property name PictureAlignment in cmdApply is invalid.
Line 179: The property name BevelWidth in cmdApply is invalid.
Line 180: The property name ShapeSize in cmdApply is invalid.
Line 189: The property name _ExtentX in SSPanel1 is invalid.
Line 190: The property name _ExtentY in SSPanel1 is invalid.
Line 191: The property name _Version in SSPanel1 is invalid.
Line 193: The property name RoundedCorners in SSPanel1 is invalid.
Line 194: The property name FloodShowPct in SSPanel1 is invalid.
Line 202: The property name _ExtentX in panel1 is invalid.
Line 203: The property name _ExtentY in panel1 is invalid.
Line 204: The property name _Version in panel1 is invalid.
Line 215: The property name BevelOuter in panel1 is invalid.
Line 216: The property name RoundedCorners in panel1 is invalid.
Line 217: The property name FloodShowPct in panel1 is invalid.
