Line 203: Class MSDataListLib.DataCombo of control XGROUP was not a loaded control class.
Line 275: Class VSFlex7Ctl.VSFlexGrid of control grid1 was not a loaded control class.
Line 456: Class MSAdodcLib.Adodc of control data1 was not a loaded control class.
Line 503: Class MSAdodcLib.Adodc of control data10 was not a loaded control class.
Line 209: The property name _ExtentX in XGROUP is invalid.
Line 210: The property name _ExtentY in XGROUP is invalid.
Line 211: The property name _Version in XGROUP is invalid.
Line 213: The property name Text in XGROUP is invalid.
Line 281: The property name _cx in grid1 is invalid.
Line 282: The property name _cy in grid1 is invalid.
Line 283: The property name _ConvInfo in grid1 is invalid.
Line 299: The property name BackColorFixed in grid1 is invalid.
Line 300: The property name ForeColorFixed in grid1 is invalid.
Line 301: The property name BackColorSel in grid1 is invalid.
Line 302: The property name ForeColorSel in grid1 is invalid.
Line 303: The property name BackColorBkg in grid1 is invalid.
Line 304: The property name BackColorAlternate in grid1 is invalid.
Line 305: The property name GridColor in grid1 is invalid.
Line 306: The property name GridColorFixed in grid1 is invalid.
Line 307: The property name TreeColor in grid1 is invalid.
Line 308: The property name FloodColor in grid1 is invalid.
Line 309: The property name SheetBorder in grid1 is invalid.
Line 310: The property name FocusRect in grid1 is invalid.
Line 311: The property name HighLight in grid1 is invalid.
Line 312: The property name AllowSelection in grid1 is invalid.
Line 313: The property name AllowBigSelection in grid1 is invalid.
Line 314: The property name AllowUserResizing in grid1 is invalid.
Line 315: The property name SelectionMode in grid1 is invalid.
Line 316: The property name GridLines in grid1 is invalid.
Line 317: The property name GridLinesFixed in grid1 is invalid.
Line 318: The property name GridLineWidth in grid1 is invalid.
Line 319: The property name Rows in grid1 is invalid.
Line 320: The property name Cols in grid1 is invalid.
Line 321: The property name FixedRows in grid1 is invalid.
Line 322: The property name FixedCols in grid1 is invalid.
Line 323: The property name RowHeightMin in grid1 is invalid.
Line 324: The property name RowHeightMax in grid1 is invalid.
Line 325: The property name ColWidthMin in grid1 is invalid.
Line 326: The property name ColWidthMax in grid1 is invalid.
Line 327: The property name ExtendLastCol in grid1 is invalid.
Line 328: The property name FormatString in grid1 is invalid.
Line 329: The property name ScrollTrack in grid1 is invalid.
Line 330: The property name ScrollBars in grid1 is invalid.
Line 331: The property name ScrollTips in grid1 is invalid.
Line 332: The property name MergeCells in grid1 is invalid.
Line 333: The property name MergeCompare in grid1 is invalid.
Line 334: The property name AutoResize in grid1 is invalid.
Line 335: The property name AutoSizeMode in grid1 is invalid.
Line 336: The property name AutoSearch in grid1 is invalid.
Line 337: The property name AutoSearchDelay in grid1 is invalid.
Line 338: The property name MultiTotals in grid1 is invalid.
Line 339: The property name SubtotalPosition in grid1 is invalid.
Line 340: The property name OutlineBar in grid1 is invalid.
Line 341: The property name OutlineCol in grid1 is invalid.
Line 342: The property name Ellipsis in grid1 is invalid.
Line 343: The property name ExplorerBar in grid1 is invalid.
Line 344: The property name PicturesOver in grid1 is invalid.
Line 347: The property name PictureType in grid1 is invalid.
Line 348: The property name TabBehavior in grid1 is invalid.
Line 349: The property name OwnerDraw in grid1 is invalid.
Line 350: The property name Editable in grid1 is invalid.
Line 351: The property name ShowComboButton in grid1 is invalid.
Line 352: The property name WordWrap in grid1 is invalid.
Line 353: The property name TextStyle in grid1 is invalid.
Line 354: The property name TextStyleFixed in grid1 is invalid.
Line 357: The property name DataMode in grid1 is invalid.
Line 358: The property name VirtualData in grid1 is invalid.
Line 360: The property name ComboSearch in grid1 is invalid.
Line 361: The property name AutoSizeMouse in grid1 is invalid.
Line 362: The property name FrozenRows in grid1 is invalid.
Line 363: The property name FrozenCols in grid1 is invalid.
Line 364: The property name AllowUserFreezing in grid1 is invalid.
Line 365: The property name BackColorFrozen in grid1 is invalid.
Line 366: The property name ForeColorFrozen in grid1 is invalid.
Line 367: The property name WallPaperAlignment in grid1 is invalid.
Line 462: The property name _ExtentX in data1 is invalid.
Line 463: The property name _ExtentY in data1 is invalid.
Line 464: The property name ConnectMode in data1 is invalid.
Line 465: The property name CursorLocation in data1 is invalid.
Line 466: The property name IsolationLevel in data1 is invalid.
Line 467: The property name ConnectionTimeout in data1 is invalid.
Line 468: The property name CommandTimeout in data1 is invalid.
Line 469: The property name CursorType in data1 is invalid.
Line 470: The property name LockType in data1 is invalid.
Line 471: The property name CommandType in data1 is invalid.
Line 472: The property name CursorOptions in data1 is invalid.
Line 473: The property name CacheSize in data1 is invalid.
Line 474: The property name MaxRecords in data1 is invalid.
Line 475: The property name BOFAction in data1 is invalid.
Line 476: The property name EOFAction in data1 is invalid.
Line 477: The property name ConnectStringType in data1 is invalid.
Line 481: The property name Orientation in data1 is invalid.
Line 483: The property name Connect in data1 is invalid.
Line 484: The property name OLEDBString in data1 is invalid.
Line 485: The property name OLEDBFile in data1 is invalid.
Line 486: The property name DataSourceName in data1 is invalid.
Line 487: The property name OtherAttributes in data1 is invalid.
Line 488: The property name UserName in data1 is invalid.
Line 489: The property name Password in data1 is invalid.
Line 490: The property name RecordSource in data1 is invalid.
Line 491: The property name Caption in data1 is invalid.
Line 501: The property name _Version in data1 is invalid.
Line 509: The property name _ExtentX in data10 is invalid.
Line 510: The property name _ExtentY in data10 is invalid.
Line 511: The property name ConnectMode in data10 is invalid.
Line 512: The property name CursorLocation in data10 is invalid.
Line 513: The property name IsolationLevel in data10 is invalid.
Line 514: The property name ConnectionTimeout in data10 is invalid.
Line 515: The property name CommandTimeout in data10 is invalid.
Line 516: The property name CursorType in data10 is invalid.
Line 517: The property name LockType in data10 is invalid.
Line 518: The property name CommandType in data10 is invalid.
Line 519: The property name CursorOptions in data10 is invalid.
Line 520: The property name CacheSize in data10 is invalid.
Line 521: The property name MaxRecords in data10 is invalid.
Line 522: The property name BOFAction in data10 is invalid.
Line 523: The property name EOFAction in data10 is invalid.
Line 524: The property name ConnectStringType in data10 is invalid.
Line 528: The property name Orientation in data10 is invalid.
Line 530: The property name Connect in data10 is invalid.
Line 531: The property name OLEDBString in data10 is invalid.
Line 532: The property name OLEDBFile in data10 is invalid.
Line 533: The property name DataSourceName in data10 is invalid.
Line 534: The property name OtherAttributes in data10 is invalid.
Line 535: The property name UserName in data10 is invalid.
Line 536: The property name Password in data10 is invalid.
Line 537: The property name RecordSource in data10 is invalid.
Line 538: The property name Caption in data10 is invalid.
Line 548: The property name _Version in data10 is invalid.
