Line 63: Class MSAdodcLib.Adodc of control DATA1 was not a loaded control class.
Line 264: Class ComctlLib.StatusBar of control StatusBar1 was not a loaded control class.
Line 283: Class VSFlex7Ctl.VSFlexGrid of control grid1 was not a loaded control class.
Line 69: The property name _ExtentX in DATA1 is invalid.
Line 70: The property name _ExtentY in DATA1 is invalid.
Line 71: The property name ConnectMode in DATA1 is invalid.
Line 72: The property name CursorLocation in DATA1 is invalid.
Line 73: The property name IsolationLevel in DATA1 is invalid.
Line 74: The property name ConnectionTimeout in DATA1 is invalid.
Line 75: The property name CommandTimeout in DATA1 is invalid.
Line 76: The property name CursorType in DATA1 is invalid.
Line 77: The property name LockType in DATA1 is invalid.
Line 78: The property name CommandType in DATA1 is invalid.
Line 79: The property name CursorOptions in DATA1 is invalid.
Line 80: The property name CacheSize in DATA1 is invalid.
Line 81: The property name MaxRecords in DATA1 is invalid.
Line 82: The property name BOFAction in DATA1 is invalid.
Line 83: The property name EOFAction in DATA1 is invalid.
Line 84: The property name ConnectStringType in DATA1 is invalid.
Line 88: The property name Orientation in DATA1 is invalid.
Line 90: The property name Connect in DATA1 is invalid.
Line 91: The property name OLEDBString in DATA1 is invalid.
Line 92: The property name OLEDBFile in DATA1 is invalid.
Line 93: The property name DataSourceName in DATA1 is invalid.
Line 94: The property name OtherAttributes in DATA1 is invalid.
Line 95: The property name UserName in DATA1 is invalid.
Line 96: The property name Password in DATA1 is invalid.
Line 97: The property name RecordSource in DATA1 is invalid.
Line 98: The property name Caption in DATA1 is invalid.
Line 108: The property name _Version in DATA1 is invalid.
Line 271: The property name _ExtentX in StatusBar1 is invalid.
Line 272: The property name _ExtentY in StatusBar1 is invalid.
Line 273: The property name SimpleText in StatusBar1 is invalid.
Line 274: The property name _Version in StatusBar1 is invalid.
Line 281: The property name Panels in StatusBar1 is invalid.
Line 284: The property name Bindings in grid1 is invalid.
Line 290: The property name _cx in grid1 is invalid.
Line 291: The property name _cy in grid1 is invalid.
Line 292: The property name _ConvInfo in grid1 is invalid.
Line 308: The property name BackColorFixed in grid1 is invalid.
Line 309: The property name ForeColorFixed in grid1 is invalid.
Line 310: The property name BackColorSel in grid1 is invalid.
Line 311: The property name ForeColorSel in grid1 is invalid.
Line 312: The property name BackColorBkg in grid1 is invalid.
Line 313: The property name BackColorAlternate in grid1 is invalid.
Line 314: The property name GridColor in grid1 is invalid.
Line 315: The property name GridColorFixed in grid1 is invalid.
Line 316: The property name TreeColor in grid1 is invalid.
Line 317: The property name FloodColor in grid1 is invalid.
Line 318: The property name SheetBorder in grid1 is invalid.
Line 319: The property name FocusRect in grid1 is invalid.
Line 320: The property name HighLight in grid1 is invalid.
Line 321: The property name AllowSelection in grid1 is invalid.
Line 322: The property name AllowBigSelection in grid1 is invalid.
Line 323: The property name AllowUserResizing in grid1 is invalid.
Line 324: The property name SelectionMode in grid1 is invalid.
Line 325: The property name GridLines in grid1 is invalid.
Line 326: The property name GridLinesFixed in grid1 is invalid.
Line 327: The property name GridLineWidth in grid1 is invalid.
Line 328: The property name Rows in grid1 is invalid.
Line 329: The property name Cols in grid1 is invalid.
Line 330: The property name FixedRows in grid1 is invalid.
Line 331: The property name FixedCols in grid1 is invalid.
Line 332: The property name RowHeightMin in grid1 is invalid.
Line 333: The property name RowHeightMax in grid1 is invalid.
Line 334: The property name ColWidthMin in grid1 is invalid.
Line 335: The property name ColWidthMax in grid1 is invalid.
Line 336: The property name ExtendLastCol in grid1 is invalid.
Line 337: The property name FormatString in grid1 is invalid.
Line 338: The property name ScrollTrack in grid1 is invalid.
Line 339: The property name ScrollBars in grid1 is invalid.
Line 340: The property name ScrollTips in grid1 is invalid.
Line 341: The property name MergeCells in grid1 is invalid.
Line 342: The property name MergeCompare in grid1 is invalid.
Line 343: The property name AutoResize in grid1 is invalid.
Line 344: The property name AutoSizeMode in grid1 is invalid.
Line 345: The property name AutoSearch in grid1 is invalid.
Line 346: The property name AutoSearchDelay in grid1 is invalid.
Line 347: The property name MultiTotals in grid1 is invalid.
Line 348: The property name SubtotalPosition in grid1 is invalid.
Line 349: The property name OutlineBar in grid1 is invalid.
Line 350: The property name OutlineCol in grid1 is invalid.
Line 351: The property name Ellipsis in grid1 is invalid.
Line 352: The property name ExplorerBar in grid1 is invalid.
Line 353: The property name PicturesOver in grid1 is invalid.
Line 356: The property name PictureType in grid1 is invalid.
Line 357: The property name TabBehavior in grid1 is invalid.
Line 358: The property name OwnerDraw in grid1 is invalid.
Line 359: The property name Editable in grid1 is invalid.
Line 360: The property name ShowComboButton in grid1 is invalid.
Line 361: The property name WordWrap in grid1 is invalid.
Line 362: The property name TextStyle in grid1 is invalid.
Line 363: The property name TextStyleFixed in grid1 is invalid.
Line 366: The property name DataMode in grid1 is invalid.
Line 367: The property name VirtualData in grid1 is invalid.
Line 369: The property name ComboSearch in grid1 is invalid.
Line 370: The property name AutoSizeMouse in grid1 is invalid.
Line 371: The property name FrozenRows in grid1 is invalid.
Line 372: The property name FrozenCols in grid1 is invalid.
Line 373: The property name AllowUserFreezing in grid1 is invalid.
Line 374: The property name BackColorFrozen in grid1 is invalid.
Line 375: The property name ForeColorFrozen in grid1 is invalid.
Line 376: The property name WallPaperAlignment in grid1 is invalid.
